<?xml version="1.0" encoding="UTF-8"?>
<testng-results ignored="0" total="1" passed="1" failed="0" skipped="0">
  <reporter-output>
  </reporter-output>
  <suite started-at="2022-10-03T18:56:26 IST" name="Default suite" finished-at="2022-10-03T18:56:38 IST" duration-ms="11792">
    <groups>
    </groups>
    <test started-at="2022-10-03T18:56:26 IST" name="Default test" finished-at="2022-10-03T18:56:38 IST" duration-ms="11792">
      <class name="Login">
        <test-method signature="loginhere()[pri:0, instance:Login@61386958]" started-at="2022-10-03T18:56:26 IST" name="loginhere" finished-at="2022-10-03T18:56:38 IST" duration-ms="11706" status="PASS">
          <reporter-output>
          </reporter-output>
        </test-method> <!-- loginhere -->
      </class> <!-- Login -->
    </test> <!-- Default test -->
  </suite> <!-- Default suite -->
</testng-results>
