<?xml version="1.0" encoding="UTF-8"?>
<testng-results ignored="0" total="1" passed="1" failed="0" skipped="0">
  <reporter-output>
  </reporter-output>
  <suite started-at="2022-10-12T10:06:57 IST" name="Default suite" finished-at="2022-10-12T10:07:38 IST" duration-ms="41216">
    <groups>
    </groups>
    <test started-at="2022-10-12T10:06:57 IST" name="Default test" finished-at="2022-10-12T10:07:38 IST" duration-ms="41216">
      <class name="com.simplilearn.test1">
        <test-method is-config="true" signature="beforeMethod()[pri:0, instance:com.simplilearn.test1@333d4a8c]" started-at="2022-10-12T10:06:57 IST" name="beforeMethod" finished-at="2022-10-12T10:07:02 IST" duration-ms="4987" status="PASS">
          <reporter-output>
          </reporter-output>
        </test-method> <!-- beforeMethod -->
        <test-method signature="flipkart()[pri:0, instance:com.simplilearn.test1@333d4a8c]" started-at="2022-10-12T10:07:02 IST" name="flipkart" finished-at="2022-10-12T10:07:38 IST" duration-ms="36165" status="PASS">
          <reporter-output>
          </reporter-output>
        </test-method> <!-- flipkart -->
        <test-method is-config="true" signature="afterMethod()[pri:0, instance:com.simplilearn.test1@333d4a8c]" started-at="2022-10-12T10:07:38 IST" name="afterMethod" finished-at="2022-10-12T10:07:38 IST" duration-ms="1" status="PASS">
          <reporter-output>
          </reporter-output>
        </test-method> <!-- afterMethod -->
      </class> <!-- com.simplilearn.test1 -->
    </test> <!-- Default test -->
  </suite> <!-- Default suite -->
</testng-results>
